Using pre-set license
Built from 'trunk' branch; Version is '6000.0.20f1 (05208a74e9aa) revision 336010'; Using compiler version '193933523'; Build Type 'Release'
OS: 'Windows 11  (10.0.22631) 64bit CoreSingleLanguage' Language: 'en' Physical Memory: 16108 MB
BatchMode: 1, IsHumanControllingUs: 0, StartBugReporterOnCrash: 0, Is64bit: 1, IsPro: 1

COMMAND LINE ARGUMENTS:
D:\unityinstall\6000.0.20f1\Editor\Unity.exe
-adb2
-batchMode
-noUpm
-name
AssetImportWorker0
-projectPath
D:/unity/BrickBracker-main
-logFile
Logs/AssetImportWorker0.log
-srvPort
49886
-job-worker-count
5
-background-job-worker-count
8
-asset-garbage-collectors
1
Successfully changed project path to: D:/unity/BrickBracker-main
D:/unity/BrickBracker-main
[UnityMemory] Configuration Parameters - Can be set up in boot.config
    "memorysetup-bucket-allocator-granularity=16"
    "memorysetup-bucket-allocator-bucket-count=8"
    "memorysetup-bucket-allocator-block-size=33554432"
    "memorysetup-bucket-allocator-block-count=8"
    "memorysetup-main-allocator-block-size=16777216"
    "memorysetup-thread-allocator-block-size=16777216"
    "memorysetup-gfx-main-allocator-block-size=16777216"
    "memorysetup-gfx-thread-allocator-block-size=16777216"
    "memorysetup-cache-allocator-block-size=4194304"
    "memorysetup-typetree-allocator-block-size=2097152"
    "memorysetup-profiler-bucket-allocator-granularity=16"
    "memorysetup-profiler-bucket-allocator-bucket-count=8"
    "memorysetup-profiler-bucket-allocator-block-size=33554432"
    "memorysetup-profiler-bucket-allocator-block-count=8"
    "memorysetup-profiler-allocator-block-size=16777216"
    "memorysetup-profiler-editor-allocator-block-size=1048576"
    "memorysetup-temp-allocator-size-main=16777216"
    "memorysetup-job-temp-allocator-block-size=2097152"
    "memorysetup-job-temp-allocator-block-size-background=1048576"
    "memorysetup-job-temp-allocator-reduction-small-platforms=262144"
    "memorysetup-allocator-temp-initial-block-size-main=262144"
    "memorysetup-allocator-temp-initial-block-size-worker=262144"
    "memorysetup-temp-allocator-size-background-worker=32768"
    "memorysetup-temp-allocator-size-job-worker=262144"
    "memorysetup-temp-allocator-size-preload-manager=33554432"
    "memorysetup-temp-allocator-size-nav-mesh-worker=65536"
    "memorysetup-temp-allocator-size-audio-worker=65536"
    "memorysetup-temp-allocator-size-cloud-worker=32768"
    "memorysetup-temp-allocator-size-gi-baking-worker=262144"
    "memorysetup-temp-allocator-size-gi-baking-worker=262144"
    "memorysetup-temp-allocator-size-gi-baking-worker=262144"
    "memorysetup-temp-allocator-size-gi-baking-worker=262144"
    "memorysetup-temp-allocator-size-gi-baking-worker=262144"
    "memorysetup-temp-allocator-size-gfx=262144"
Player connection [22048]  Target information:

Player connection [22048]  * "[IP] 172.18.14.45 [Port] 0 [Flags] 2 [Guid] 456559862 [EditorId] 456559862 [Version] 1048832 [Id] WindowsEditor(7,LAPTOP-THV3QJ0C) [Debug] 1 [PackageName] WindowsEditor [ProjectName] Editor" 

Player connection [22048] Host joined multi-casting on [225.0.0.222:54997]...
Player connection [22048] Host joined alternative multi-casting on [225.0.0.222:34997]...
JobSystem: Creating JobQueue using job-worker-count value 5
[Physics::Module] Initialized fallback backend.
[Physics::Module] Id: 0xdecafbad
Library Redirect Path: Library/
[Physics::Module] Selected backend.
[Physics::Module] Name: PhysX
[Physics::Module] Id: 0xf2b8ea05
[Physics::Module] SDK Version: 4.1.2
[Physics::Module] Integration Version: 1.0.0
[Physics::Module] Threading Mode: Multi-Threaded
Refreshing native plugins compatible for Editor in 10.95 ms, found 4 plugins.
Preloading 0 native plugins for Editor in 0.00 ms.
Initialize engine version: 6000.0.20f1 (05208a74e9aa)
[Subsystems] Discovering subsystems at path D:/unityinstall/6000.0.20f1/Editor/Data/Resources/UnitySubsystems
[Subsystems] Discovering subsystems at path D:/unity/BrickBracker-main/Assets
GfxDevice: creating device client; kGfxThreadingModeNonThreaded
Direct3D:
    Version:  Direct3D 11.0 [level 11.1]
    Renderer: Intel(R) Iris(R) Xe Graphics (ID=0x46a8)
    Vendor:   Intel
    VRAM:     8054 MB
    Driver:   31.0.101.4502
Initialize mono
Mono path[0] = 'D:/unityinstall/6000.0.20f1/Editor/Data/Managed'
Mono path[1] = 'D:/unityinstall/6000.0.20f1/Editor/Data/MonoBleedingEdge/lib/mono/unityjit-win32'
Mono config path = 'D:/unityinstall/6000.0.20f1/Editor/Data/MonoBleedingEdge/etc'
Using monoOptions --debugger-agent=transport=dt_socket,embedding=1,server=y,suspend=n,address=127.0.0.1:56660
Begin MonoManager ReloadAssembly
Registering precompiled unity dll's ...
Register platform support module: D:/unityinstall/6000.0.20f1/Editor/Data/PlaybackEngines/WindowsStandaloneSupport/UnityEditor.WindowsStandalone.Extensions.dll
Register platform support module: D:/unityinstall/6000.0.20f1/Editor/Data/PlaybackEngines/AndroidPlayer/UnityEditor.Android.Extensions.dll
Registered in 0.006181 seconds.
- Loaded All Assemblies, in  0.624 seconds
Native extension for Android target not found
Android Extension - Scanning For ADB Devices 527 ms
Native extension for WindowsStandalone target not found
Mono: successfully reloaded assembly
- Finished resetting the current domain, in  1.302 seconds
Domain Reload Profiling: 1924ms
	BeginReloadAssembly (211ms)
		ExecutionOrderSort (0ms)
		DisableScriptedObjects (0ms)
		BackupInstance (0ms)
		ReleaseScriptingObjects (0ms)
		CreateAndSetChildDomain (1ms)
	RebuildCommonClasses (61ms)
	RebuildNativeTypeToScriptingClass (20ms)
	initialDomainReloadingComplete (65ms)
	LoadAllAssembliesAndSetupDomain (263ms)
		LoadAssemblies (213ms)
		RebuildTransferFunctionScriptingTraits (0ms)
		AnalyzeDomain (255ms)
			TypeCache.Refresh (253ms)
				TypeCache.ScanAssembly (226ms)
			BuildScriptInfoCaches (0ms)
			ResolveRequiredComponents (1ms)
	FinalizeReload (1303ms)
		ReleaseScriptCaches (0ms)
		RebuildScriptCaches (0ms)
		SetupLoadedEditorAssemblies (1233ms)
			LogAssemblyErrors (0ms)
			InitializePlatformSupportModulesInManaged (706ms)
			SetLoadedEditorAssemblies (6ms)
			BeforeProcessingInitializeOnLoad (15ms)
			ProcessInitializeOnLoadAttributes (312ms)
			ProcessInitializeOnLoadMethodAttributes (145ms)
			AfterProcessingInitializeOnLoad (49ms)
			EditorAssembliesLoaded (0ms)
		ExecutionOrderSort2 (0ms)
		AwakeInstancesAfterBackupRestoration (0ms)
========================================================================
Worker process is ready to serve import requests
Import Worker Mode flag is 0x00
Begin MonoManager ReloadAssembly
- Loaded All Assemblies, in  2.737 seconds
Refreshing native plugins compatible for Editor in 3.74 ms, found 4 plugins.
Native extension for Android target not found
Native extension for WindowsStandalone target not found
Mono: successfully reloaded assembly
- Finished resetting the current domain, in  1.791 seconds
Domain Reload Profiling: 4528ms
	BeginReloadAssembly (1470ms)
		ExecutionOrderSort (0ms)
		DisableScriptedObjects (5ms)
		BackupInstance (0ms)
		ReleaseScriptingObjects (0ms)
		CreateAndSetChildDomain (47ms)
	RebuildCommonClasses (67ms)
	RebuildNativeTypeToScriptingClass (19ms)
	initialDomainReloadingComplete (76ms)
	LoadAllAssembliesAndSetupDomain (1103ms)
		LoadAssemblies (818ms)
		RebuildTransferFunctionScriptingTraits (0ms)
		AnalyzeDomain (461ms)
			TypeCache.Refresh (347ms)
				TypeCache.ScanAssembly (311ms)
			BuildScriptInfoCaches (96ms)
			ResolveRequiredComponents (13ms)
	FinalizeReload (1792ms)
		ReleaseScriptCaches (0ms)
		RebuildScriptCaches (0ms)
		SetupLoadedEditorAssemblies (1345ms)
			LogAssemblyErrors (0ms)
			InitializePlatformSupportModulesInManaged (47ms)
			SetLoadedEditorAssemblies (7ms)
			BeforeProcessingInitializeOnLoad (93ms)
			ProcessInitializeOnLoadAttributes (1091ms)
			ProcessInitializeOnLoadMethodAttributes (96ms)
			AfterProcessingInitializeOnLoad (10ms)
			EditorAssembliesLoaded (0ms)
		ExecutionOrderSort2 (0ms)
		AwakeInstancesAfterBackupRestoration (15ms)
Launched and connected shader compiler UnityShaderCompiler.exe after 0.03 seconds
Refreshing native plugins compatible for Editor in 2.44 ms, found 4 plugins.
Preloading 0 native plugins for Editor in 0.00 ms.
Unloading 27 Unused Serialized files (Serialized files now loaded: 0)
Unloading 4329 unused Assets / (1.5 MB). Loaded Objects now: 4950.
Memory consumption went from 120.8 MB to 119.3 MB.
Total: 14.362400 ms (FindLiveObjects: 0.746900 ms CreateObjectMapping: 0.547400 ms MarkObjects: 10.288200 ms  DeleteObjects: 2.776800 ms)

========================================================================
Received Import Request.
  Time since last request: 1116590.651044 seconds.
  path: Assets/_Game/Sprites/AdobeStock_595227227_Preview.jpeg
  artifactKey: Guid(8f196a564ac955e47a56363791dbc50b) Importer(815301076,1909f56bfc062723c751e8b465ee728b)
Start importing Assets/_Game/Sprites/AdobeStock_595227227_Preview.jpeg using Guid(8f196a564ac955e47a56363791dbc50b) Importer(815301076,1909f56bfc062723c751e8b465ee728b) (PreviewImporter) -> (artifact id: '63baddbcd5f7d6dd441685021c69332d') in 0.1654519 seconds
Number of updated asset objects reloaded before import = 0Number of asset objects unloaded after import = 3

========================================================================
Received Import Request.
  Time since last request: 0.000051 seconds.
  path: Assets/_Game/Sprites/Bg.png
  artifactKey: Guid(69a234ccf051b984d9df0c359d35699d) Importer(815301076,1909f56bfc062723c751e8b465ee728b)
Start importing Assets/_Game/Sprites/Bg.png using Guid(69a234ccf051b984d9df0c359d35699d) Importer(815301076,1909f56bfc062723c751e8b465ee728b) (PreviewImporter) -> (artifact id: 'e395913e4704a986d895235991577120') in 0.0330027 seconds
Number of updated asset objects reloaded before import = 0Number of asset objects unloaded after import = 3

========================================================================
Received Import Request.
  Time since last request: 0.000105 seconds.
  path: Assets/_Game/Sprites/Ball.png
  artifactKey: Guid(ff6bf76529832b942a3b3218f19de544) Importer(815301076,1909f56bfc062723c751e8b465ee728b)
Start importing Assets/_Game/Sprites/Ball.png using Guid(ff6bf76529832b942a3b3218f19de544) Importer(815301076,1909f56bfc062723c751e8b465ee728b) (PreviewImporter) -> (artifact id: 'deb8d730c2de622265822ad82f8efa17') in 0.0327588 seconds
Number of updated asset objects reloaded before import = 0Number of asset objects unloaded after import = 3

========================================================================
Received Import Request.
  Time since last request: 0.000032 seconds.
  path: Assets/_Game/Sprites/AdobeStock_627840601_Preview.jpeg
  artifactKey: Guid(b9b0cf4ce1761524eb41aec7354dad25) Importer(815301076,1909f56bfc062723c751e8b465ee728b)
Start importing Assets/_Game/Sprites/AdobeStock_627840601_Preview.jpeg using Guid(b9b0cf4ce1761524eb41aec7354dad25) Importer(815301076,1909f56bfc062723c751e8b465ee728b) (PreviewImporter) -> (artifact id: 'ddee3c95d0704fec6afd6641acd4335c') in 0.0324407 seconds
Number of updated asset objects reloaded before import = 0Number of asset objects unloaded after import = 3

========================================================================
Received Import Request.
  Time since last request: 0.000036 seconds.
  path: Assets/_Game/Sprites/padelHandelBg.png
  artifactKey: Guid(f85ca1cc025586b43b5d21ce1171198f) Importer(815301076,1909f56bfc062723c751e8b465ee728b)
Start importing Assets/_Game/Sprites/padelHandelBg.png using Guid(f85ca1cc025586b43b5d21ce1171198f) Importer(815301076,1909f56bfc062723c751e8b465ee728b) (PreviewImporter) -> (artifact id: '52b3fc790564f0d0810b74e4da248525') in 0.0231804 seconds
Number of updated asset objects reloaded before import = 0Number of asset objects unloaded after import = 3

========================================================================
Received Prepare
Refreshing native plugins compatible for Editor in 1.35 ms, found 4 plugins.
Preloading 0 native plugins for Editor in 0.00 ms.
Unloading 1 Unused Serialized files (Serialized files now loaded: 0)
Unloading 1 unused Assets / (58.2 KB). Loaded Objects now: 4962.
Memory consumption went from 110.3 MB to 110.3 MB.
Total: 6.124100 ms (FindLiveObjects: 0.444300 ms CreateObjectMapping: 0.146100 ms MarkObjects: 5.456300 ms  DeleteObjects: 0.076000 ms)

Prepare: number of updated asset objects reloaded= 13
========================================================================
Received Prepare
Refreshing native plugins compatible for Editor in 1.05 ms, found 4 plugins.
Preloading 0 native plugins for Editor in 0.00 ms.
Unloading 1 Unused Serialized files (Serialized files now loaded: 0)
Unloading 1 unused Assets / (58.2 KB). Loaded Objects now: 4962.
Memory consumption went from 110.3 MB to 110.3 MB.
Total: 4.937100 ms (FindLiveObjects: 0.172200 ms CreateObjectMapping: 0.089000 ms MarkObjects: 4.568200 ms  DeleteObjects: 0.106500 ms)

Prepare: number of updated asset objects reloaded= 0
========================================================================
Received Prepare
Begin MonoManager ReloadAssembly
- Loaded All Assemblies, in  1.494 seconds
Refreshing native plugins compatible for Editor in 2.07 ms, found 4 plugins.
Native extension for Android target not found
Native extension for WindowsStandalone target not found
Mono: successfully reloaded assembly
- Finished resetting the current domain, in  1.450 seconds
Domain Reload Profiling: 2946ms
	BeginReloadAssembly (503ms)
		ExecutionOrderSort (0ms)
		DisableScriptedObjects (24ms)
		BackupInstance (0ms)
		ReleaseScriptingObjects (0ms)
		CreateAndSetChildDomain (97ms)
	RebuildCommonClasses (75ms)
	RebuildNativeTypeToScriptingClass (26ms)
	initialDomainReloadingComplete (54ms)
	LoadAllAssembliesAndSetupDomain (837ms)
		LoadAssemblies (794ms)
		RebuildTransferFunctionScriptingTraits (0ms)
		AnalyzeDomain (360ms)
			TypeCache.Refresh (173ms)
				TypeCache.ScanAssembly (154ms)
			BuildScriptInfoCaches (171ms)
			ResolveRequiredComponents (12ms)
	FinalizeReload (1450ms)
		ReleaseScriptCaches (0ms)
		RebuildScriptCaches (0ms)
		SetupLoadedEditorAssemblies (999ms)
			LogAssemblyErrors (0ms)
			InitializePlatformSupportModulesInManaged (38ms)
			SetLoadedEditorAssemblies (6ms)
			BeforeProcessingInitializeOnLoad (74ms)
			ProcessInitializeOnLoadAttributes (802ms)
			ProcessInitializeOnLoadMethodAttributes (74ms)
			AfterProcessingInitializeOnLoad (6ms)
			EditorAssembliesLoaded (0ms)
		ExecutionOrderSort2 (0ms)
		AwakeInstancesAfterBackupRestoration (16ms)
Refreshing native plugins compatible for Editor in 1.68 ms, found 4 plugins.
Preloading 0 native plugins for Editor in 0.00 ms.
Unloading 1 Unused Serialized files (Serialized files now loaded: 0)
Unloading 4328 unused Assets / (1.2 MB). Loaded Objects now: 4964.
Memory consumption went from 114.8 MB to 113.6 MB.
Total: 10.867200 ms (FindLiveObjects: 0.630300 ms CreateObjectMapping: 0.665300 ms MarkObjects: 7.850100 ms  DeleteObjects: 1.719500 ms)

Prepare: number of updated asset objects reloaded= 0
========================================================================
Received Import Request.
  Time since last request: 126.357912 seconds.
  path: Assets/_Game/Sprites/AdobeStock_595222794_Preview.jpeg
  artifactKey: Guid(4d133fb9007a1534f8c62a2bcd76c1d0) Importer(815301076,1909f56bfc062723c751e8b465ee728b)
Start importing Assets/_Game/Sprites/AdobeStock_595222794_Preview.jpeg using Guid(4d133fb9007a1534f8c62a2bcd76c1d0) Importer(815301076,1909f56bfc062723c751e8b465ee728b) (PreviewImporter) -> (artifact id: '0caa99c13077f59c3c5a706e20d340b5') in 0.1368995 seconds
Number of updated asset objects reloaded before import = 0Number of asset objects unloaded after import = 3

========================================================================
Received Import Request.
  Time since last request: 0.000030 seconds.
  path: Assets/_Game/Sprites/Block.png
  artifactKey: Guid(b44fe032fead0bb43b5b0be9dd410b0a) Importer(815301076,1909f56bfc062723c751e8b465ee728b)
Start importing Assets/_Game/Sprites/Block.png using Guid(b44fe032fead0bb43b5b0be9dd410b0a) Importer(815301076,1909f56bfc062723c751e8b465ee728b) (PreviewImporter) -> (artifact id: '8da1c1e3fd769feebedb04e1b305ecb4') in 0.0283948 seconds
Number of updated asset objects reloaded before import = 0Number of asset objects unloaded after import = 3

========================================================================
Received Import Request.
  Time since last request: 0.000039 seconds.
  path: Assets/_Game/Sprites/LargePadel.png
  artifactKey: Guid(0413aeda2ce1f714faa78f94229048e6) Importer(815301076,1909f56bfc062723c751e8b465ee728b)
Start importing Assets/_Game/Sprites/LargePadel.png using Guid(0413aeda2ce1f714faa78f94229048e6) Importer(815301076,1909f56bfc062723c751e8b465ee728b) (PreviewImporter) -> (artifact id: 'a808d6c60f626feaf41172ba7fed2174') in 0.0267273 seconds
Number of updated asset objects reloaded before import = 0Number of asset objects unloaded after import = 3

========================================================================
Received Import Request.
  Time since last request: 0.000207 seconds.
  path: Assets/_Game/Sprites/AdobeStock_627840660_Preview.jpeg
  artifactKey: Guid(2f7653634fcdb294a83051213b8a48b3) Importer(815301076,1909f56bfc062723c751e8b465ee728b)
Start importing Assets/_Game/Sprites/AdobeStock_627840660_Preview.jpeg using Guid(2f7653634fcdb294a83051213b8a48b3) Importer(815301076,1909f56bfc062723c751e8b465ee728b) (PreviewImporter) -> (artifact id: '7cb0ad49c8d8d92672963dbf21ea9e98') in 0.0402492 seconds
Number of updated asset objects reloaded before import = 0Number of asset objects unloaded after import = 3

========================================================================
Received Import Request.
  Time since last request: 0.000027 seconds.
  path: Assets/_Game/Sprites/Ball.png
  artifactKey: Guid(ff6bf76529832b942a3b3218f19de544) Importer(815301076,1909f56bfc062723c751e8b465ee728b)
Start importing Assets/_Game/Sprites/Ball.png using Guid(ff6bf76529832b942a3b3218f19de544) Importer(815301076,1909f56bfc062723c751e8b465ee728b) (PreviewImporter) -> (artifact id: '9e90c10a9fd4e1164204fbd81de62cfd') in 0.025194 seconds
Number of updated asset objects reloaded before import = 0Number of asset objects unloaded after import = 3

========================================================================
Received Import Request.
  Time since last request: 0.000040 seconds.
  path: Assets/_Game/Sprites/AdobeStock_627840601_Preview.jpeg
  artifactKey: Guid(b9b0cf4ce1761524eb41aec7354dad25) Importer(815301076,1909f56bfc062723c751e8b465ee728b)
Start importing Assets/_Game/Sprites/AdobeStock_627840601_Preview.jpeg using Guid(b9b0cf4ce1761524eb41aec7354dad25) Importer(815301076,1909f56bfc062723c751e8b465ee728b) (PreviewImporter) -> (artifact id: '9ab9849b003e8be8b8552f20560d77d1') in 0.0313763 seconds
Number of updated asset objects reloaded before import = 0Number of asset objects unloaded after import = 3

========================================================================
Received Import Request.
  Time since last request: 0.000029 seconds.
  path: Assets/_Game/Sprites/padelHandel.png
  artifactKey: Guid(40374884f92abc248b9c99e70d9ca028) Importer(815301076,1909f56bfc062723c751e8b465ee728b)
Start importing Assets/_Game/Sprites/padelHandel.png using Guid(40374884f92abc248b9c99e70d9ca028) Importer(815301076,1909f56bfc062723c751e8b465ee728b) (PreviewImporter) -> (artifact id: 'cd74c086c35a92bc701da58b40985ac9') in 0.0241075 seconds
Number of updated asset objects reloaded before import = 0Number of asset objects unloaded after import = 3

========================================================================
Received Import Request.
  Time since last request: 13.254090 seconds.
  path: Assets/_Game/Sprites/AdobeStock_833712089_Preview.jpeg
  artifactKey: Guid(53f27b0f480cab742a55fc238a11c996) Importer(815301076,1909f56bfc062723c751e8b465ee728b)
Start importing Assets/_Game/Sprites/AdobeStock_833712089_Preview.jpeg using Guid(53f27b0f480cab742a55fc238a11c996) Importer(815301076,1909f56bfc062723c751e8b465ee728b) (PreviewImporter) -> (artifact id: 'cb79daffd2be7ce3ca628fcae7cf544e') in 0.0393996 seconds
Number of updated asset objects reloaded before import = 0Number of asset objects unloaded after import = 3

========================================================================
Received Import Request.
  Time since last request: 0.000145 seconds.
  path: Assets/_Game/Sprites/pngwing.com (10).png
  artifactKey: Guid(322281f7f3f33064996493ac995b592d) Importer(815301076,1909f56bfc062723c751e8b465ee728b)
Start importing Assets/_Game/Sprites/pngwing.com (10).png using Guid(322281f7f3f33064996493ac995b592d) Importer(815301076,1909f56bfc062723c751e8b465ee728b) (PreviewImporter) -> (artifact id: '429d46451ea2b99e4c674cfce88f830d') in 0.0401239 seconds
Number of updated asset objects reloaded before import = 0Number of asset objects unloaded after import = 3

========================================================================
Received Import Request.
  Time since last request: 78.080038 seconds.
  path: Assets/_Game/Sprites/Buttons
  artifactKey: Guid(30a331f7b8e1a194d81ab3fce68f809f) Importer(815301076,1909f56bfc062723c751e8b465ee728b)
Start importing Assets/_Game/Sprites/Buttons using Guid(30a331f7b8e1a194d81ab3fce68f809f) Importer(815301076,1909f56bfc062723c751e8b465ee728b) (PreviewImporter) -> (artifact id: '8a9e34ceff3640796e5b87a7dbbf7539') in 0.0007093 seconds
Number of updated asset objects reloaded before import = 0Number of asset objects unloaded after import = 0

========================================================================
Received Import Request.
  Time since last request: 0.068772 seconds.
  path: Assets/_Game/Sprites/Buttons/Button.png
  artifactKey: Guid(fd6eb88f4d9a50a4aa1ef71cc359266e) Importer(815301076,1909f56bfc062723c751e8b465ee728b)
Start importing Assets/_Game/Sprites/Buttons/Button.png using Guid(fd6eb88f4d9a50a4aa1ef71cc359266e) Importer(815301076,1909f56bfc062723c751e8b465ee728b) (PreviewImporter) -> (artifact id: '255fd19e85b3ef4825ee4fc64d3b6383') in 0.1165604 seconds
Number of updated asset objects reloaded before import = 0Number of asset objects unloaded after import = 3

========================================================================
Received Import Request.
  Time since last request: 0.000256 seconds.
  path: Assets/_Game/Sprites/Buttons/button_1_Red.png
  artifactKey: Guid(3770c0c26edc132438257628c6595029) Importer(815301076,1909f56bfc062723c751e8b465ee728b)
Start importing Assets/_Game/Sprites/Buttons/button_1_Red.png using Guid(3770c0c26edc132438257628c6595029) Importer(815301076,1909f56bfc062723c751e8b465ee728b) (PreviewImporter) -> (artifact id: '929e4b1fe7dfb0a5fd7883a1f2c87339') in 0.1397657 seconds
Number of updated asset objects reloaded before import = 0Number of asset objects unloaded after import = 3

========================================================================
Received Import Request.
  Time since last request: 0.000024 seconds.
  path: Assets/_Game/Sprites/Buttons/button_4_Green.png
  artifactKey: Guid(20fe928fcfd071c42971227c543d9645) Importer(815301076,1909f56bfc062723c751e8b465ee728b)
Start importing Assets/_Game/Sprites/Buttons/button_4_Green.png using Guid(20fe928fcfd071c42971227c543d9645) Importer(815301076,1909f56bfc062723c751e8b465ee728b) (PreviewImporter) -> (artifact id: '7644226d1b323ec17a1400a14f777b2a') in 0.0247224 seconds
Number of updated asset objects reloaded before import = 0Number of asset objects unloaded after import = 3

========================================================================
Received Import Request.
  Time since last request: 0.000028 seconds.
  path: Assets/_Game/Sprites/Buttons/ButtonsStyle12_23 1.png
  artifactKey: Guid(6aa3c237bc492df45bbe3789d65bc91b) Importer(815301076,1909f56bfc062723c751e8b465ee728b)
Start importing Assets/_Game/Sprites/Buttons/ButtonsStyle12_23 1.png using Guid(6aa3c237bc492df45bbe3789d65bc91b) Importer(815301076,1909f56bfc062723c751e8b465ee728b) (PreviewImporter) -> (artifact id: '630a7cf86543f2e4cb695759a628d713') in 0.0233105 seconds
Number of updated asset objects reloaded before import = 0Number of asset objects unloaded after import = 3

========================================================================
Received Import Request.
  Time since last request: 0.000056 seconds.
  path: Assets/_Game/Sprites/Buttons/panel_Dark.png
  artifactKey: Guid(afa0eddda93f9ee46abe59018f0c2ac6) Importer(815301076,1909f56bfc062723c751e8b465ee728b)
Start importing Assets/_Game/Sprites/Buttons/panel_Dark.png using Guid(afa0eddda93f9ee46abe59018f0c2ac6) Importer(815301076,1909f56bfc062723c751e8b465ee728b) (PreviewImporter) -> (artifact id: '9680028bca3eeb7141b3561a2450c63b') in 0.0334526 seconds
Number of updated asset objects reloaded before import = 0Number of asset objects unloaded after import = 3

========================================================================
Received Import Request.
  Time since last request: 0.000036 seconds.
  path: Assets/_Game/Sprites/Buttons/SoundOn.png
  artifactKey: Guid(3db6d4ad648f3284bb474e08cf06b0ef) Importer(815301076,1909f56bfc062723c751e8b465ee728b)
Start importing Assets/_Game/Sprites/Buttons/SoundOn.png using Guid(3db6d4ad648f3284bb474e08cf06b0ef) Importer(815301076,1909f56bfc062723c751e8b465ee728b) (PreviewImporter) -> (artifact id: 'a895a149c238f883d7ec8a32ad0ad9da') in 0.0293145 seconds
Number of updated asset objects reloaded before import = 0Number of asset objects unloaded after import = 3

========================================================================
Received Import Request.
  Time since last request: 0.000056 seconds.
  path: Assets/_Game/Sprites/Buttons/button_Close3.png
  artifactKey: Guid(bd9bfa14a7c8ffd45896931b858fe82e) Importer(815301076,1909f56bfc062723c751e8b465ee728b)
Start importing Assets/_Game/Sprites/Buttons/button_Close3.png using Guid(bd9bfa14a7c8ffd45896931b858fe82e) Importer(815301076,1909f56bfc062723c751e8b465ee728b) (PreviewImporter) -> (artifact id: '152129522ce6abb2e9137b6fe7efa1e6') in 0.0267603 seconds
Number of updated asset objects reloaded before import = 0Number of asset objects unloaded after import = 3

========================================================================
Received Import Request.
  Time since last request: 0.000037 seconds.
  path: Assets/_Game/Sprites/Buttons/tittleRibbon_Red.png
  artifactKey: Guid(6ef101e2d3f575e41a74a6558008b3ee) Importer(815301076,1909f56bfc062723c751e8b465ee728b)
Start importing Assets/_Game/Sprites/Buttons/tittleRibbon_Red.png using Guid(6ef101e2d3f575e41a74a6558008b3ee) Importer(815301076,1909f56bfc062723c751e8b465ee728b) (PreviewImporter) -> (artifact id: 'cab21ea0f8ae0064941593663456f993') in 0.0247559 seconds
Number of updated asset objects reloaded before import = 0Number of asset objects unloaded after import = 3

========================================================================
Received Import Request.
  Time since last request: 0.000025 seconds.
  path: Assets/_Game/Sprites/Buttons/Button_Square_Yellow_60px.png
  artifactKey: Guid(0c5f37c95e22c3445bc37d86155e1757) Importer(815301076,1909f56bfc062723c751e8b465ee728b)
Start importing Assets/_Game/Sprites/Buttons/Button_Square_Yellow_60px.png using Guid(0c5f37c95e22c3445bc37d86155e1757) Importer(815301076,1909f56bfc062723c751e8b465ee728b) (PreviewImporter) -> (artifact id: 'a41822b1cd84ddad3fe745eccf952b28') in 0.0200761 seconds
Number of updated asset objects reloaded before import = 0Number of asset objects unloaded after import = 3

========================================================================
Received Import Request.
  Time since last request: 0.000021 seconds.
  path: Assets/_Game/Sprites/Buttons/button_4_Pink.png
  artifactKey: Guid(48a02733512dfa84aafdb131e20ce35e) Importer(815301076,1909f56bfc062723c751e8b465ee728b)
Start importing Assets/_Game/Sprites/Buttons/button_4_Pink.png using Guid(48a02733512dfa84aafdb131e20ce35e) Importer(815301076,1909f56bfc062723c751e8b465ee728b) (PreviewImporter) -> (artifact id: 'e74884529ba39b9dcbfe7a461e8412fa') in 0.027062 seconds
Number of updated asset objects reloaded before import = 0Number of asset objects unloaded after import = 3

========================================================================
Received Import Request.
  Time since last request: 0.000029 seconds.
  path: Assets/_Game/Sprites/Buttons/Pause_bt_3.png
  artifactKey: Guid(5675518a62edcc242804a145f0574a5b) Importer(815301076,1909f56bfc062723c751e8b465ee728b)
Start importing Assets/_Game/Sprites/Buttons/Pause_bt_3.png using Guid(5675518a62edcc242804a145f0574a5b) Importer(815301076,1909f56bfc062723c751e8b465ee728b) (PreviewImporter) -> (artifact id: '792f2213f83a32da5055f9ff16eeef4f') in 0.024935 seconds
Number of updated asset objects reloaded before import = 0Number of asset objects unloaded after import = 3

========================================================================
Received Import Request.
  Time since last request: 0.000060 seconds.
  path: Assets/_Game/Sprites/Buttons/tittleRibbon_Green.png
  artifactKey: Guid(d26ccb68dabab524e92a63588d9f5eeb) Importer(815301076,1909f56bfc062723c751e8b465ee728b)
Start importing Assets/_Game/Sprites/Buttons/tittleRibbon_Green.png using Guid(d26ccb68dabab524e92a63588d9f5eeb) Importer(815301076,1909f56bfc062723c751e8b465ee728b) (PreviewImporter) -> (artifact id: '157527b50afbc582249ea6bf89308b33') in 0.0248879 seconds
Number of updated asset objects reloaded before import = 0Number of asset objects unloaded after import = 3

========================================================================
Received Import Request.
  Time since last request: 0.000114 seconds.
  path: Assets/_Game/Sprites/Buttons/ButtonsStyle12_23.png
  artifactKey: Guid(beeee3591ce087640a8a97409386992a) Importer(815301076,1909f56bfc062723c751e8b465ee728b)
Start importing Assets/_Game/Sprites/Buttons/ButtonsStyle12_23.png using Guid(beeee3591ce087640a8a97409386992a) Importer(815301076,1909f56bfc062723c751e8b465ee728b) (PreviewImporter) -> (artifact id: '74245b5a5ec7a6673661f31f7f2d5c85') in 0.0207246 seconds
Number of updated asset objects reloaded before import = 0Number of asset objects unloaded after import = 3

Editor requested this worker to shutdown with reason: Scaling down because of idle timeout
AssetImportWorker is now disconnected from the server
Process exiting
Exiting without the bug reporter. Application will terminate with return code 0